<?xml version="1.0" encoding="UTF-8"?>
<!-- Generated by org.testng.reporters.JUnitReportReporter -->
<testsuite hostname="Abdul-Hamid-MJKQITO" failures="0" tests="1" name="SeleniumTestSuit.NewSeleniumTest.titleValidationTest" time="0.007" errors="0" timestamp="05 Jul 2020 08:52:05 GMT" skipped="0">
  <testcase classname="SeleniumTestSuit.NewSeleniumTest.titleValidationTest" name="helloDear" time="0.007"/>
</testsuite> <!-- SeleniumTestSuit.NewSeleniumTest.titleValidationTest -->
