<?xml version="1.0" encoding="UTF-8"?>
<!-- Generated by org.testng.reporters.JUnitReportReporter -->
<testsuite hostname="Abdul-Hamid-MJKQITO" failures="0" tests="1" name="SeleniumTestSuit.NewSeleniumTest.titleValidationTest" time="0.004" errors="0" timestamp="08 Jul 2020 14:51:29 GMT" skipped="0">
  <testcase classname="SeleniumTestSuit.NewSeleniumTest.titleValidationTest" name="FirstTest" time="0.004"/>
</testsuite> <!-- SeleniumTestSuit.NewSeleniumTest.titleValidationTest -->
