<?xml version="1.0" encoding="UTF-8"?>
<!-- Generated by org.testng.reporters.JUnitReportReporter -->
<testsuite hostname="Abdul-Hamid-MJKQITO" failures="0" tests="6" name="SeleniumTestSuit.NewSeleniumTest.AppTest" time="14.879" errors="0" timestamp="05 Jul 2020 08:32:07 GMT" skipped="0">
  <testcase classname="SeleniumTestSuit.NewSeleniumTest.AppTest" name="inCom" time="2.237"/>
  <testcase classname="SeleniumTestSuit.NewSeleniumTest.AppTest" name="methodHellowWord" time="0.000"/>
  <testcase classname="SeleniumTestSuit.NewSeleniumTest.AppTest" name="google" time="1.814"/>
  <testcase classname="SeleniumTestSuit.NewSeleniumTest.AppTest" name="ToolsQA" time="5.797"/>
  <testcase classname="SeleniumTestSuit.NewSeleniumTest.AppTest" name="guru99" time="3.431"/>
  <testcase classname="SeleniumTestSuit.NewSeleniumTest.AppTest" name="Yahoo" time="1.600"/>
</testsuite> <!-- SeleniumTestSuit.NewSeleniumTest.AppTest -->
