<?xml version="1.0" encoding="UTF-8"?>
<!-- Generated by org.testng.reporters.JUnitReportReporter -->
<testsuite hostname="Abdul-Hamid-MJKQITO" failures="0" tests="1" name="SeleniumTestSuit.NewSeleniumTest.titleValidationTest" time="0.002" errors="0" timestamp="08 Jul 2020 15:59:38 GMT" skipped="0">
  <testcase classname="SeleniumTestSuit.NewSeleniumTest.titleValidationTest" name="FirstTest" time="0.002"/>
</testsuite> <!-- SeleniumTestSuit.NewSeleniumTest.titleValidationTest -->
