<?xml version="1.0" encoding="UTF-8"?>
<!-- Generated by org.testng.reporters.JUnitReportReporter -->
<testsuite hostname="Abdul-Hamid-MJKQITO" failures="0" tests="5" name="SeleniumTestSuit.NewSeleniumTest.urlTest" time="15.859" errors="0" timestamp="05 Jul 2020 09:06:20 GMT" skipped="0">
  <testcase classname="SeleniumTestSuit.NewSeleniumTest.urlTest" name="google" time="1.428"/>
  <testcase classname="SeleniumTestSuit.NewSeleniumTest.urlTest" name="guru99" time="2.856"/>
  <testcase classname="SeleniumTestSuit.NewSeleniumTest.urlTest" name="Yahoo" time="2.439"/>
  <testcase classname="SeleniumTestSuit.NewSeleniumTest.urlTest" name="inCom" time="3.273"/>
  <testcase classname="SeleniumTestSuit.NewSeleniumTest.urlTest" name="ToolsQA" time="5.863"/>
</testsuite> <!-- SeleniumTestSuit.NewSeleniumTest.urlTest -->
